ISim log file
Running: C:\Users\amf01\Documents\DLP\P1\Ejercicio3\TopContador_isim_beh.exe -intstyle ise -gui -tclbatch isim.cmd -wdb C:/Users/amf01/Documents/DLP/P1/Ejercicio3/TopContador_isim_beh.wdb 
ISim P.20131013 (signature 0x7708f090)
WARNING: A WEBPACK license was found.
WARNING: Please use Xilinx License Configuration Manager to check out a full ISim license.
WARNING: ISim will run in Lite mode. Please refer to the ISim documentation for more information on the differences between the Lite and the Full version.
This is a Lite version of ISim.
Time resolution is 1 ps
# onerror resume
# wave add /
# run 1000 ns
Simulator is doing circuit initialization process.
Finished circuit initialization process.
# isim force add /topcontador/dir 1 -radix bin
# isim force add /topcontador/dir 1 -radix bin
# isim force add /topcontador/enable 1 -radix bin
# isim force add /topcontador/enable 1 -radix bin
# isim force add /topcontador/clk 0 -radix bin -value 1 -radix bin -time 10 ns -repeat 20 ns
# isim force add /topcontador/clk 0 -radix bin -value 1 -radix bin -time 10 ns -repeat 20 ns
# isim force add /topcontador/reset 0 -radix bin
# isim force add /topcontador/reset 0 -radix bin
# run 20ns
# restart
# run 20ns
Simulator is doing circuit initialization process.
Finished circuit initialization process.
# restart
# isim force add /topcontador/dir 1 -radix bin
# isim force add /topcontador/dir 1 -radix bin
# isim force add /topcontador/enable 1 -radix bin
# isim force add /topcontador/enable 1 -radix bin
# isim force add /topcontador/clk 0 -radix bin -value 1 -radix bin -time 10 ns -repeat 20 ns
# isim force add /topcontador/clk 0 -radix bin -value 1 -radix bin -time 10 ns -repeat 20 ns
# isim force add /topcontador/reset 0 -radix bin
# isim force add /topcontador/reset 0 -radix bin
# run 20ns
Simulator is doing circuit initialization process.
Finished circuit initialization process.
# run 20ns
# run 20ns
# run 20ns
# run 20ns
# run 20ns
# run 20ns
# run 20ns
# run 20ns
# run 20ns
# run 20ns
# run 20ns
# run 20ns
# run 20ns
# run 20ns
# run 20ns
# run 20ns
# run 20ns
# run 200ns
# run 200ns
# run 200ns
# run 200ns
# run 200ns
# run 200ns
# run 200ns
# run 200ns
# run 200ns
# run 200ns
# run 200ns
# run 200ns
# run 200ns
# run 400ns
# run 400ns
# run 400ns
# run 400ns
# run 400ns
# run 400ns
# run 400ns
# run 400ns
# run 400ns
# run 400ns
# run 400ns
# run 400ns
# run 400ns
# run 400ns
# run 400ns
# run 400ns
# run 400ns
# run 50us
# run 50us
# run 50us
# run 50us
# run 50us
# run 50us
# run 50us
# run 50us
# run 50us
# run 50us
# run 50us
# run 100us
# run 100us
# run 100us
# run 100us
# run 100us
# run 100us
# run 100us
# run 100us
# run 100us
# run 100us
# run 100us
# run 100us
# run 100us
# run 100us
# run 100us
# run 100us
# run 100us
# run 100us
# run 100us
# run 100us
# run 100us
# run 100us
# run 100us
# run 100us
# run 100us
# run 100us
# run 100us
# run 100us
# run 100us
# run 100us
# run 100us
# run 100us
# run 100us
# run 100us
# run 100us
# run 100us
# run 100us
# run 100us
# run 100us
# run 100us
# run 100us
# run 100us
# run 100us
# run 100us
# run 100us
# run 100us
# run 100us
# run 100us
# run 100us
# run all
Stopped at time : 959591970 ns : File "C:/Users/amf01/Documents/DLP/P1/Ejercicio3/Contador_binario.vhd" Line 45
# isim force add /topcontador/dir 0 -radix bin
# isim force add /topcontador/dir 0 -radix bin
# run 1s
Stopped at time : 1189857090 ns : File "C:/Users/amf01/Documents/DLP/P1/Ejercicio3/Contador_binario.vhd" Line 46
# run 1s
Stopped at time : 1573741090 ns : File "C:/Users/amf01/Documents/DLP/P1/Ejercicio3/Contador_binario.vhd" Line 45
# restart
# isim force add /topcontador/dir 1 -radix bin
# isim force add /topcontador/dir 1 -radix bin
# isim force add /topcontador/enable 1 -radix bin
# isim force add /topcontador/enable 1 -radix bin
# isim force add /topcontador/clk 1 -radix bin -value 0 -radix bin -time 10 ns -repeat 20 ns
# isim force add /topcontador/clk 1 -radix bin -value 0 -radix bin -time 10 ns -repeat 20 ns
# isim force add /topcontador/reset 0 -radix bin
# isim force add /topcontador/reset 0 -radix bin
# run 1s
Simulator is doing circuit initialization process.
Finished circuit initialization process.
Stopped at time : 374116580 ns : File "C:/Users/amf01/Documents/DLP/P1/Ejercicio3/Contador_binario.vhd" Line 45
